2023-05-10 21:36:04.024  INFO 14960 --- [main] com.e1i5.mentaltal.MentaltalApplication  : Starting MentaltalApplication using Java 11.0.16 on LAPTOP-G12SVJBR with PID 14960 (C:\Hello\MENTALTAL-Project\server\build\classes\java\main started by kjhhh in C:\Hello\MENTALTAL-Project\server)
2023-05-10 21:36:04.028  INFO 14960 --- [main] com.e1i5.mentaltal.MentaltalApplication  : No active profile set, falling back to 1 default profile: "default"
2023-05-10 21:36:05.711  INFO 14960 --- [main] .s.d.r.c.RepositoryConfigurationDelegate : Multiple Spring Data modules found, entering strict repository configuration mode
2023-05-10 21:36:05.712  INFO 14960 --- [main] .s.d.r.c.RepositoryConfigurationDelegate : Bootstrapping Spring Data JPA repositories in DEFAULT mode.
2023-05-10 21:36:05.973  INFO 14960 --- [main] .s.d.r.c.RepositoryConfigurationDelegate : Finished Spring Data repository scanning in 249 ms. Found 6 JPA repository interfaces.
2023-05-10 21:36:05.994  INFO 14960 --- [main] .s.d.r.c.RepositoryConfigurationDelegate : Multiple Spring Data modules found, entering strict repository configuration mode
2023-05-10 21:36:05.997  INFO 14960 --- [main] .s.d.r.c.RepositoryConfigurationDelegate : Bootstrapping Spring Data Redis repositories in DEFAULT mode.
2023-05-10 21:36:06.067  INFO 14960 --- [main] .RepositoryConfigurationExtensionSupport : Spring Data Redis - Could not safely identify store assignment for repository candidate interface com.e1i5.mentaltal.repository.BoardRepository; If you want this repository to be a Redis repository, consider annotating your entities with one of these annotations: org.springframework.data.redis.core.RedisHash (preferred), or consider extending one of the following types with your repository: org.springframework.data.keyvalue.repository.KeyValueRepository
2023-05-10 21:36:06.068  INFO 14960 --- [main] .RepositoryConfigurationExtensionSupport : Spring Data Redis - Could not safely identify store assignment for repository candidate interface com.e1i5.mentaltal.repository.BoardVoteRepository; If you want this repository to be a Redis repository, consider annotating your entities with one of these annotations: org.springframework.data.redis.core.RedisHash (preferred), or consider extending one of the following types with your repository: org.springframework.data.keyvalue.repository.KeyValueRepository
2023-05-10 21:36:06.068  INFO 14960 --- [main] .RepositoryConfigurationExtensionSupport : Spring Data Redis - Could not safely identify store assignment for repository candidate interface com.e1i5.mentaltal.repository.CommentRepository; If you want this repository to be a Redis repository, consider annotating your entities with one of these annotations: org.springframework.data.redis.core.RedisHash (preferred), or consider extending one of the following types with your repository: org.springframework.data.keyvalue.repository.KeyValueRepository
2023-05-10 21:36:06.069  INFO 14960 --- [main] .RepositoryConfigurationExtensionSupport : Spring Data Redis - Could not safely identify store assignment for repository candidate interface com.e1i5.mentaltal.repository.CommentVoteRepository; If you want this repository to be a Redis repository, consider annotating your entities with one of these annotations: org.springframework.data.redis.core.RedisHash (preferred), or consider extending one of the following types with your repository: org.springframework.data.keyvalue.repository.KeyValueRepository
2023-05-10 21:36:06.069  INFO 14960 --- [main] .RepositoryConfigurationExtensionSupport : Spring Data Redis - Could not safely identify store assignment for repository candidate interface com.e1i5.mentaltal.repository.CounselorRepository; If you want this repository to be a Redis repository, consider annotating your entities with one of these annotations: org.springframework.data.redis.core.RedisHash (preferred), or consider extending one of the following types with your repository: org.springframework.data.keyvalue.repository.KeyValueRepository
2023-05-10 21:36:06.069  INFO 14960 --- [main] .RepositoryConfigurationExtensionSupport : Spring Data Redis - Could not safely identify store assignment for repository candidate interface com.e1i5.mentaltal.repository.MemberRepository; If you want this repository to be a Redis repository, consider annotating your entities with one of these annotations: org.springframework.data.redis.core.RedisHash (preferred), or consider extending one of the following types with your repository: org.springframework.data.keyvalue.repository.KeyValueRepository
2023-05-10 21:36:06.070  INFO 14960 --- [main] .s.d.r.c.RepositoryConfigurationDelegate : Finished Spring Data repository scanning in 54 ms. Found 0 Redis repository interfaces.
2023-05-10 21:36:06.944  INFO 14960 --- [main] o.s.b.w.embedded.tomcat.TomcatWebServer  : Tomcat initialized with port(s): 8080 (http)
2023-05-10 21:36:06.958  INFO 14960 --- [main] o.apache.catalina.core.StandardService   : Starting service [Tomcat]
2023-05-10 21:36:06.959  INFO 14960 --- [main] org.apache.catalina.core.StandardEngine  : Starting Servlet engine: [Apache Tomcat/9.0.70]
2023-05-10 21:36:07.285  INFO 14960 --- [main] o.a.c.c.C.[Tomcat].[localhost].[/]       : Initializing Spring embedded WebApplicationContext
2023-05-10 21:36:07.286  INFO 14960 --- [main] w.s.c.ServletWebServerApplicationContext : Root WebApplicationContext: initialization completed in 3197 ms
2023-05-10 21:36:07.437  INFO 14960 --- [main] com.zaxxer.hikari.HikariDataSource       : HikariPool-1 - Starting...
2023-05-10 21:36:08.035  INFO 14960 --- [main] com.zaxxer.hikari.HikariDataSource       : HikariPool-1 - Start completed.
2023-05-10 21:36:08.139  INFO 14960 --- [main] o.hibernate.jpa.internal.util.LogHelper  : HHH000204: Processing PersistenceUnitInfo [name: default]
2023-05-10 21:36:08.231  INFO 14960 --- [main] org.hibernate.Version                    : HHH000412: Hibernate ORM core version 5.6.14.Final
2023-05-10 21:36:08.489  INFO 14960 --- [main] o.hibernate.annotations.common.Version   : HCANN000001: Hibernate Commons Annotations {5.1.2.Final}
2023-05-10 21:36:08.684  INFO 14960 --- [main] org.hibernate.dialect.Dialect            : HHH000400: Using dialect: org.hibernate.dialect.MySQL8Dialect
2023-05-10 21:36:09.638  INFO 14960 --- [main] o.h.e.t.j.p.i.JtaPlatformInitiator       : HHH000490: Using JtaPlatform implementation: [org.hibernate.engine.transaction.jta.platform.internal.NoJtaPlatform]
2023-05-10 21:36:09.651  INFO 14960 --- [main] j.LocalContainerEntityManagerFactoryBean : Initialized JPA EntityManagerFactory for persistence unit 'default'
2023-05-10 21:36:10.808  WARN 14960 --- [main] JpaBaseConfiguration$JpaWebConfiguration : spring.jpa.open-in-view is enabled by default. Therefore, database queries may be performed during view rendering. Explicitly configure spring.jpa.open-in-view to disable this warning
2023-05-10 21:36:11.121  INFO 14960 --- [main] o.s.s.web.DefaultSecurityFilterChain     : Will secure any request with [org.springframework.security.web.session.DisableEncodeUrlFilter@74b13aa, org.springframework.security.web.context.request.async.WebAsyncManagerIntegrationFilter@31d09031, org.springframework.security.web.context.SecurityContextPersistenceFilter@3304362e, org.springframework.security.web.header.HeaderWriterFilter@216de23a, org.springframework.web.filter.CorsFilter@5a0f5567, org.springframework.security.web.authentication.logout.LogoutFilter@6a35cccf, com.e1i5.mentaltal.auth.filter.JwtAuthenticationFilter@106f0051, com.e1i5.mentaltal.auth.filter.JwtVerificationFilter@4fe687b5, org.springframework.security.web.savedrequest.RequestCacheAwareFilter@146b4c6c, org.springframework.security.web.servletapi.SecurityContextHolderAwareRequestFilter@59eb987a, org.springframework.security.web.authentication.AnonymousAuthenticationFilter@7a02d760, org.springframework.security.web.session.SessionManagementFilter@7c290246, org.springframework.security.web.access.ExceptionTranslationFilter@706dee4, org.springframework.security.web.access.intercept.AuthorizationFilter@73a5cc47]
2023-05-10 21:36:11.135  WARN 14960 --- [main] o.s.s.c.a.web.builders.WebSecurity       : 

********************************************************************
**********        Security debugging is enabled.       *************
**********    This may include sensitive information.  *************
**********      Do not use in a production system!     *************
********************************************************************


2023-05-10 21:36:11.156  INFO 14960 --- [main] pertySourcedRequestMappingHandlerMapping : Mapped URL path [/v2/api-docs] onto method [springfox.documentation.swagger2.web.Swagger2Controller#getDocumentation(String, HttpServletRequest)]
2023-05-10 21:36:11.771  INFO 14960 --- [main] o.s.b.w.embedded.tomcat.TomcatWebServer  : Tomcat started on port(s): 8080 (http) with context path ''
2023-05-10 21:36:11.773  INFO 14960 --- [main] d.s.w.p.DocumentationPluginsBootstrapper : Context refreshed
2023-05-10 21:36:11.799  INFO 14960 --- [main] d.s.w.p.DocumentationPluginsBootstrapper : Found 1 custom documentation plugin(s)
2023-05-10 21:36:11.851  INFO 14960 --- [main] s.d.s.w.s.ApiListingReferenceScanner     : Scanning for api listing references
2023-05-10 21:36:12.103  INFO 14960 --- [main] com.e1i5.mentaltal.MentaltalApplication  : Started MentaltalApplication in 8.702 seconds (JVM running for 11.311)
2023-05-10 23:10:58.412  INFO 14960 --- [SpringApplicationShutdownHook] j.LocalContainerEntityManagerFactoryBean : Closing JPA EntityManagerFactory for persistence unit 'default'
2023-05-10 23:10:58.499  INFO 14960 --- [SpringApplicationShutdownHook] com.zaxxer.hikari.HikariDataSource       : HikariPool-1 - Shutdown initiated...
2023-05-10 23:10:58.630  INFO 14960 --- [SpringApplicationShutdownHook] com.zaxxer.hikari.HikariDataSource       : HikariPool-1 - Shutdown completed.
